<?xml version="1.0" encoding="UTF-8"?>
<!-- Generated by org.testng.reporters.JUnitReportReporter -->
<testsuite hostname="Asus-PC" failures="0" tests="3" name="tests.Test1" time="0.030" errors="0" timestamp="2022-03-09T11:10:15 IST" skipped="0">
  <testcase classname="tests.Test1" name="tc3" time="0.009"/>
  <system-out/>
  <testcase classname="tests.Test1" name="tc1" time="0.011"/>
  <system-out/>
  <testcase classname="tests.Test1" name="tc2" time="0.010"/>
  <system-out/>
</testsuite> <!-- tests.Test1 -->
