<?xml version="1.0" encoding="UTF-8"?>
<!-- Generated by org.testng.reporters.JUnitReportReporter -->
<testsuite hostname="Asus-PC" failures="0" tests="3" name="tests.Test2" time="0.014" errors="0" timestamp="2022-03-09T11:10:15 IST" skipped="0">
  <testcase classname="tests.Test2" name="tc6" time="0.002"/>
  <system-out/>
  <testcase classname="tests.Test2" name="tc5" time="0.002"/>
  <system-out/>
  <testcase classname="tests.Test2" name="tc4" time="0.010"/>
  <system-out/>
</testsuite> <!-- tests.Test2 -->
